<?xml version="1.0" encoding="UTF-8"?>
<!-- Generated by org.testng.reporters.JUnitReportReporter -->
<testsuite hostname="SARATHKADALAYIL" failures="0" tests="1" name="Protes.Indextest" time="40.613" errors="0" timestamp="2023-07-21T21:08:26 IST" skipped="0">
  <testcase classname="Protes.Indextest" name="testing" time="40.613"/>
</testsuite> <!-- Protes.Indextest -->
