<?xml version="1.0" encoding="UTF-8"?>
<!-- Generated by org.testng.reporters.JUnitReportReporter -->
<testsuite hostname="SARATHKADALAYIL" failures="0" tests="1" name="Projecttest.Testlogin" time="9.952" errors="0" timestamp="2023-07-11T22:15:31 IST" skipped="0">
  <testcase classname="Projecttest.Testlogin" name="testing" time="9.952"/>
</testsuite> <!-- Projecttest.Testlogin -->
